2018-04-24T09:36:37.805Z - error: ENOTEMPTY: directory not empty, rmdir 'C:\Users\Daniel\Desktop\l\website\_site\markbind'
2018-04-24T09:36:57.563Z - info: Reload for file change: C:\Users\Daniel\Desktop\l\website\markbind\js\setup.js
2018-04-24T09:36:58.940Z - info: Assets built
2018-04-24T09:37:01.968Z - info: Reload for file change: C:\Users\Daniel\Desktop\l\website\markbind\js\setup.js
2018-04-24T09:37:02.978Z - info: Assets built
2018-04-24T09:37:16.951Z - info: Pages built
2018-04-24T09:37:16.990Z - info: Site data built
2018-04-24T09:37:16.997Z - info: Generate Site durationMs=946
2018-04-24T09:37:17.162Z - info: Serving "C:\Users\Daniel\Desktop\l\website\_site" at http://127.0.0.1:8080
2018-04-24T09:37:17.162Z - info: Press CTRL+C to stop ...
2018-04-24T09:43:22.388Z - info: Reload for file change: C:\Users\Daniel\Desktop\l\website\markbind\js\setup.js
2018-04-24T09:43:23.398Z - info: Assets built
2018-04-24T09:43:28.056Z - info: Reload for file change: C:\Users\Daniel\Desktop\l\website\markbind\js\setup.js
2018-04-24T09:43:29.224Z - info: Assets built
2018-04-24T09:43:30.535Z - info: Reload for file change: C:\Users\Daniel\Desktop\l\website\markbind\js\setup.js
2018-04-24T09:43:31.544Z - info: Assets built
2018-04-24T09:45:59.260Z - info: Reload for file change: C:\Users\Daniel\Desktop\l\website\markbind\js\setup.js
2018-04-24T09:46:00.271Z - info: Assets built
2018-04-24T09:46:21.224Z - info: Reload for file change: C:\Users\Daniel\Desktop\l\website\markbind\js\setup.js
2018-04-24T09:46:22.234Z - info: Assets built
2018-04-24T09:52:01.968Z - info: Reload for file change: C:\Users\Daniel\Desktop\l\website\markbind\js\setup.js
2018-04-24T09:52:02.985Z - info: Assets built
2018-04-24T09:52:06.206Z - info: Reload for file change: C:\Users\Daniel\Desktop\l\website\markbind\js\setup.js
2018-04-24T09:52:07.222Z - info: Assets built
2018-04-24T09:52:09.552Z - info: Reload for file change: C:\Users\Daniel\Desktop\l\website\markbind\js\setup.js
2018-04-24T09:52:10.561Z - info: Assets built
2018-04-24T09:52:20.989Z - info: Reload for file change: C:\Users\Daniel\Desktop\l\website\markbind\js\setup.js
2018-04-24T09:52:22.003Z - info: Assets built
2018-04-24T09:52:30.377Z - info: Reload for file change: C:\Users\Daniel\Desktop\l\website\markbind\js\setup.js
2018-04-24T09:52:31.386Z - info: Assets built
2018-04-24T09:52:33.129Z - info: Reload for file change: C:\Users\Daniel\Desktop\l\website\markbind\js\setup.js
2018-04-24T09:52:34.139Z - info: Assets built
2018-04-24T09:53:14.234Z - info: Reload for file change: C:\Users\Daniel\Desktop\l\website\markbind\js\setup.js
2018-04-24T09:53:15.251Z - info: Assets built
2018-04-24T09:53:20.587Z - info: Reload for file change: C:\Users\Daniel\Desktop\l\website\markbind\js\setup.js
2018-04-24T09:53:21.596Z - info: Assets built
2018-04-24T09:53:38.692Z - info: Reload for file change: C:\Users\Daniel\Desktop\l\website\markbind\js\setup.js
2018-04-24T09:53:39.700Z - info: Assets built
2018-04-24T09:53:41.924Z - info: Reload for file change: C:\Users\Daniel\Desktop\l\website\markbind\js\setup.js
2018-04-24T09:53:42.935Z - info: Assets built
2018-04-24T09:53:47.399Z - info: Reload for file change: C:\Users\Daniel\Desktop\l\website\markbind\js\setup.js
2018-04-24T09:53:48.491Z - info: Assets built
2018-04-24T09:55:33.482Z - info: Reload for file change: C:\Users\Daniel\Desktop\l\website\markbind\js\setup.js
2018-04-24T09:55:34.489Z - info: Assets built
2018-04-24T09:55:39.054Z - info: Reload for file change: C:\Users\Daniel\Desktop\l\website\markbind\js\setup.js
2018-04-24T09:55:40.064Z - info: Assets built
2018-04-24T09:55:41.166Z - info: Reload for file change: C:\Users\Daniel\Desktop\l\website\markbind\js\setup.js
2018-04-24T09:55:42.190Z - info: Assets built
2018-04-24T09:55:57.882Z - info: Reload for file change: C:\Users\Daniel\Desktop\l\website\markbind\js\setup.js
2018-04-24T09:55:58.891Z - info: Assets built
2018-04-24T09:57:35.126Z - info: Reload for file change: C:\Users\Daniel\Desktop\l\website\markbind\js\setup.js
2018-04-24T09:57:36.226Z - info: Assets built
2018-04-24T09:57:37.264Z - info: Reload for file change: C:\Users\Daniel\Desktop\l\website\markbind\js\setup.js
2018-04-24T09:57:38.324Z - info: Assets built
2018-04-24T09:57:40.532Z - info: Reload for file change: C:\Users\Daniel\Desktop\l\website\markbind\js\setup.js
2018-04-24T09:57:42.479Z - info: Assets built
2018-04-24T09:57:55.312Z - info: Reload for file change: C:\Users\Daniel\Desktop\l\website\markbind\js\setup.js
2018-04-24T09:57:55.369Z - info: Reload for file change: C:\Users\Daniel\Desktop\l\website\markbind\js\setup.js
2018-04-24T09:57:56.352Z - info: Assets built
2018-04-24T09:58:07.891Z - info: Reload for file change: C:\Users\Daniel\Desktop\l\website\markbind\js\setup.js
2018-04-24T09:58:08.960Z - info: Assets built
2018-04-24T09:58:53.347Z - info: Reload for file change: C:\Users\Daniel\Desktop\l\website\markbind\js\setup.js
2018-04-24T09:58:54.368Z - info: Assets built
2018-04-24T09:59:08.387Z - info: Reload for file change: C:\Users\Daniel\Desktop\l\website\markbind\js\setup.js
2018-04-24T09:59:09.468Z - info: Assets built
2018-04-24T09:59:48.311Z - info: Reload for file change: C:\Users\Daniel\Desktop\l\website\markbind\js\setup.js
2018-04-24T09:59:49.320Z - info: Assets built
2018-04-24T09:59:53.024Z - info: Reload for file change: C:\Users\Daniel\Desktop\l\website\markbind\js\setup.js
2018-04-24T09:59:54.204Z - info: Assets built
2018-04-24T09:59:54.337Z - info: Reload for file change: C:\Users\Daniel\Desktop\l\website\markbind\js\setup.js
2018-04-24T09:59:55.362Z - info: Assets built
2018-04-24T10:00:12.241Z - info: Reload for file change: C:\Users\Daniel\Desktop\l\website\markbind\js\setup.js
2018-04-24T10:00:13.530Z - info: Assets built
2018-04-24T10:00:14.192Z - info: Reload for file change: C:\Users\Daniel\Desktop\l\website\markbind\js\setup.js
2018-04-24T10:00:15.223Z - info: Assets built
2018-04-24T10:01:37.505Z - info: Reload for file change: C:\Users\Daniel\Desktop\l\website\markbind\js\setup.js
2018-04-24T10:01:38.516Z - info: Assets built
2018-04-24T10:02:03.682Z - info: Reload for file change: C:\Users\Daniel\Desktop\l\website\markbind\js\setup.js
2018-04-24T10:02:04.780Z - info: Assets built
2018-04-24T10:03:48.957Z - info: Reload for file change: C:\Users\Daniel\Desktop\l\website\markbind\js\setup.js
2018-04-24T10:03:49.965Z - info: Assets built
2018-04-24T10:03:50.917Z - info: Reload for file change: C:\Users\Daniel\Desktop\l\website\markbind\js\setup.js
2018-04-24T10:03:52.165Z - info: Assets built
2018-04-24T10:04:25.860Z - info: Reload for file change: C:\Users\Daniel\Desktop\l\website\markbind\js\setup.js
2018-04-24T10:04:26.876Z - info: Assets built
2018-04-24T10:04:27.255Z - info: Reload for file change: C:\Users\Daniel\Desktop\l\website\markbind\js\setup.js
2018-04-24T10:04:27.393Z - info: Reload for file change: C:\Users\Daniel\Desktop\l\website\markbind\js\setup.js
2018-04-24T10:04:28.335Z - info: Assets built
2018-04-24T10:04:38.621Z - info: Reload for file change: C:\Users\Daniel\Desktop\l\website\markbind\js\setup.js
2018-04-24T10:04:39.629Z - info: Assets built
2018-04-24T10:04:40.037Z - info: Reload for file change: C:\Users\Daniel\Desktop\l\website\markbind\js\setup.js
2018-04-24T10:04:44.029Z - info: Assets built
2018-04-24T10:04:58.786Z - info: Reload for file change: C:\Users\Daniel\Desktop\l\website\markbind\js\setup.js
2018-04-24T10:04:59.796Z - info: Assets built
2018-04-24T10:05:42.391Z - info: Reload for file change: C:\Users\Daniel\Desktop\l\website\markbind\js\setup.js
2018-04-24T10:05:43.402Z - info: Assets built
2018-04-24T10:05:52.656Z - info: Reload for file change: C:\Users\Daniel\Desktop\l\website\markbind\js\setup.js
2018-04-24T10:05:53.666Z - info: Assets built
2018-04-24T10:06:42.807Z - info: Reload for file change: C:\Users\Daniel\Desktop\l\website\markbind\js\setup.js
2018-04-24T10:06:43.820Z - info: Assets built
2018-04-24T10:06:45.704Z - info: Reload for file change: C:\Users\Daniel\Desktop\l\website\markbind\js\setup.js
2018-04-24T10:06:46.750Z - info: Assets built
2018-04-24T10:08:43.803Z - info: Reload for file change: C:\Users\Daniel\Desktop\l\website\markbind\js\setup.js
2018-04-24T10:08:44.814Z - info: Assets built
2018-04-24T10:10:35.145Z - info: Reload for file change: C:\Users\Daniel\Desktop\l\website\markbind\js\setup.js
2018-04-24T10:10:36.162Z - info: Assets built
2018-04-24T10:12:23.537Z - info: Reload for file change: C:\Users\Daniel\Desktop\l\website\markbind\js\setup.js
2018-04-24T10:12:24.579Z - info: Assets built
2018-04-24T10:24:33.799Z - info: Reload for file change: C:\Users\Daniel\Desktop\l\website\markbind\js\setup.js
2018-04-24T10:24:34.808Z - info: Assets built
2018-04-24T10:24:35.253Z - info: Reload for file change: C:\Users\Daniel\Desktop\l\website\markbind\js\setup.js
2018-04-24T10:24:36.312Z - info: Assets built
2018-04-24T10:24:36.898Z - info: Reload for file change: C:\Users\Daniel\Desktop\l\website\markbind\js\setup.js
2018-04-24T10:24:36.984Z - info: Reload for file change: C:\Users\Daniel\Desktop\l\website\markbind\js\setup.js
2018-04-24T10:24:38.142Z - info: Assets built
2018-04-24T10:24:40.707Z - info: Reload for file change: C:\Users\Daniel\Desktop\l\website\markbind\js\setup.js
2018-04-24T10:24:41.737Z - info: Assets built
2018-04-24T10:24:44.597Z - info: Reload for file change: C:\Users\Daniel\Desktop\l\website\markbind\js\setup.js
2018-04-24T10:24:45.638Z - info: Assets built
2018-04-24T10:25:04.370Z - info: Reload for file change: C:\Users\Daniel\Desktop\l\website\markbind\js\setup.js
2018-04-24T10:25:05.584Z - info: Assets built
2018-04-24T10:25:08.993Z - info: Reload for file change: C:\Users\Daniel\Desktop\l\website\markbind\js\setup.js
2018-04-24T10:25:10.002Z - info: Assets built
2018-04-24T10:25:32.358Z - info: Reload for file change: C:\Users\Daniel\Desktop\l\website\markbind\js\setup.js
2018-04-24T10:25:33.415Z - info: Assets built
2018-04-24T10:26:13.727Z - info: Reload for file change: C:\Users\Daniel\Desktop\l\website\markbind\js\setup.js
2018-04-24T10:26:14.736Z - info: Assets built
2018-04-24T10:26:15.458Z - info: Reload for file change: C:\Users\Daniel\Desktop\l\website\markbind\js\setup.js
2018-04-24T10:26:16.467Z - info: Assets built
2018-04-24T10:26:21.452Z - info: Reload for file change: C:\Users\Daniel\Desktop\l\website\markbind\js\setup.js
2018-04-24T10:26:22.464Z - info: Assets built
2018-04-24T10:26:23.745Z - info: Reload for file change: C:\Users\Daniel\Desktop\l\website\markbind\js\setup.js
2018-04-24T10:26:24.769Z - info: Assets built
2018-04-24T10:26:29.007Z - info: Reload for file change: C:\Users\Daniel\Desktop\l\website\markbind\js\setup.js
2018-04-24T10:26:30.017Z - info: Assets built
2018-04-24T10:26:30.893Z - info: Reload for file change: C:\Users\Daniel\Desktop\l\website\markbind\js\setup.js
2018-04-24T10:26:31.903Z - info: Assets built
2018-04-24T10:26:33.272Z - info: Reload for file change: C:\Users\Daniel\Desktop\l\website\markbind\js\setup.js
2018-04-24T10:26:34.298Z - info: Assets built
2018-04-24T10:26:34.830Z - info: Reload for file change: C:\Users\Daniel\Desktop\l\website\markbind\js\setup.js
2018-04-24T10:26:35.840Z - info: Assets built
2018-04-24T10:26:36.312Z - info: Reload for file change: C:\Users\Daniel\Desktop\l\website\markbind\js\setup.js
2018-04-24T10:26:37.749Z - info: Assets built
2018-04-24T10:26:37.995Z - info: Reload for file change: C:\Users\Daniel\Desktop\l\website\markbind\js\setup.js
2018-04-24T10:26:39.014Z - info: Assets built
2018-04-24T10:26:39.217Z - info: Reload for file change: C:\Users\Daniel\Desktop\l\website\markbind\js\setup.js
2018-04-24T10:26:40.294Z - info: Assets built
2018-04-24T10:26:54.173Z - info: Reload for file change: C:\Users\Daniel\Desktop\l\website\markbind\js\setup.js
2018-04-24T10:26:55.186Z - info: Assets built
2018-04-24T10:26:56.538Z - info: Reload for file change: C:\Users\Daniel\Desktop\l\website\markbind\js\setup.js
2018-04-24T10:26:57.559Z - info: Assets built
2018-04-24T10:26:58.303Z - info: Reload for file change: C:\Users\Daniel\Desktop\l\website\markbind\js\setup.js
2018-04-24T10:26:59.360Z - info: Assets built
2018-04-24T10:27:07.847Z - info: Reload for file change: C:\Users\Daniel\Desktop\l\website\markbind\js\setup.js
2018-04-24T10:27:08.856Z - info: Assets built
2018-04-24T10:27:19.054Z - info: Reload for file change: C:\Users\Daniel\Desktop\l\website\markbind\js\setup.js
2018-04-24T10:27:20.063Z - info: Assets built
2018-04-24T10:27:21.937Z - info: Reload for file change: C:\Users\Daniel\Desktop\l\website\markbind\js\setup.js
2018-04-24T10:27:23.036Z - info: Assets built
2018-04-24T10:32:11.096Z - info: Reload for file change: C:\Users\Daniel\Desktop\l\website\markbind\js\setup.js
2018-04-24T10:32:12.106Z - info: Assets built
2018-04-24T10:32:12.825Z - info: Reload for file change: C:\Users\Daniel\Desktop\l\website\markbind\js\setup.js
2018-04-24T10:32:13.935Z - info: Assets built
2018-04-24T10:33:39.816Z - info: Reload for file change: C:\Users\Daniel\Desktop\l\website\markbind\js\setup.js
2018-04-24T10:33:40.825Z - info: Assets built
2018-04-24T10:50:10.507Z - info: Reload for file change: C:\Users\Daniel\Desktop\l\website\markbind\js\setup.js
2018-04-24T10:50:11.560Z - info: Assets built
2018-04-24T10:50:12.195Z - info: Reload for file change: C:\Users\Daniel\Desktop\l\website\markbind\js\setup.js
2018-04-24T10:50:12.213Z - info: Reload for file change: C:\Users\Daniel\Desktop\l\website\markbind\js\setup.js
2018-04-24T10:50:13.210Z - info: Assets built
2018-04-24T10:58:40.022Z - info: Pages built
2018-04-24T10:58:40.070Z - info: Site data built
2018-04-24T10:58:40.079Z - info: Generate Site durationMs=1038
2018-04-24T10:58:40.304Z - info: Serving "C:\Users\Daniel\Desktop\l\website\_site" at http://127.0.0.1:8080
2018-04-24T10:58:40.304Z - info: Press CTRL+C to stop ...
