2018-04-23T02:22:14.291Z - warn: ENOENT: no such file or directory, open 'C:\repos\nus-cs3281\website\_markbind\variables.md'
2018-04-23T02:22:20.848Z - info: Pages built
2018-04-23T02:22:21.283Z - info: Site data built
2018-04-23T02:22:21.296Z - info: Generate Site durationMs=19934
2018-04-23T02:22:22.118Z - info: Serving "C:\repos\nus-cs3281\website\_site" at http://127.0.0.1:8080
2018-04-23T02:22:22.118Z - info: Press CTRL+C to stop ...
2018-04-23T02:25:29.501Z - info: Reload for file change: C:\repos\nus-cs3281\website\common\header.md
2018-04-23T02:25:30.514Z - verbose: Rebuild affected paths: C:\repos\nus-cs3281\website\common\header.md
2018-04-23T02:25:30.517Z - info: Rebuilding 8 pages
2018-04-23T02:25:30.935Z - info: Pages rebuilt
2018-04-23T02:25:30.951Z - info: Site data built
2018-04-23T02:26:03.764Z - info: Reload for file change: C:\repos\nus-cs3281\website\common\header.md
2018-04-23T02:26:04.776Z - verbose: Rebuild affected paths: C:\repos\nus-cs3281\website\common\header.md
2018-04-23T02:26:04.779Z - info: Rebuilding 8 pages
2018-04-23T02:26:05.214Z - info: Pages rebuilt
2018-04-23T02:26:05.214Z - info: Site data built
2018-04-23T02:26:20.308Z - info: Reload for file change: C:\repos\nus-cs3281\website\common\header.md
2018-04-23T02:26:21.318Z - verbose: Rebuild affected paths: C:\repos\nus-cs3281\website\common\header.md
2018-04-23T02:26:21.320Z - info: Rebuilding 8 pages
2018-04-23T02:26:21.648Z - info: Pages rebuilt
2018-04-23T02:26:21.663Z - info: Site data built
2018-04-23T02:27:02.365Z - warn: ENOENT: no such file or directory, open 'C:\repos\nus-cs3281\website\_markbind\variables.md'
2018-04-23T02:27:07.283Z - info: Pages built
2018-04-23T02:27:07.342Z - info: Site data built
2018-04-23T02:27:07.358Z - info: Generate Site durationMs=7065
2018-04-23T02:27:07.692Z - info: Serving "C:\repos\nus-cs3281\website\_site" at http://127.0.0.1:8080
2018-04-23T02:27:07.692Z - info: Press CTRL+C to stop ...
2018-04-23T02:27:31.568Z - info: Reload for file change: C:\repos\nus-cs3281\website\common\header.md
2018-04-23T02:27:32.584Z - verbose: Rebuild affected paths: C:\repos\nus-cs3281\website\common\header.md
2018-04-23T02:27:32.584Z - info: Rebuilding 8 pages
2018-04-23T02:27:33.038Z - info: Pages rebuilt
2018-04-23T02:27:33.054Z - info: Site data built
2018-04-23T02:28:00.769Z - info: Reload for file change: C:\repos\nus-cs3281\website\common\header.md
2018-04-23T02:28:01.784Z - verbose: Rebuild affected paths: C:\repos\nus-cs3281\website\common\header.md
2018-04-23T02:28:01.784Z - info: Rebuilding 8 pages
2018-04-23T02:28:02.100Z - info: Pages rebuilt
2018-04-23T02:28:02.119Z - info: Site data built
2018-04-23T02:35:08.432Z - warn: ENOENT: no such file or directory, open 'C:\repos\nus-cs3281\website\_markbind\variables.md'
2018-04-23T02:35:12.373Z - info: Pages built
2018-04-23T02:35:12.412Z - info: Site data built
2018-04-23T02:35:12.415Z - info: Generate Site durationMs=6027
2018-04-23T02:35:12.739Z - info: Serving "C:\repos\nus-cs3281\website\_site" at http://127.0.0.1:8080
2018-04-23T02:35:12.740Z - info: Press CTRL+C to stop ...
2018-04-23T04:48:50.901Z - warn: ENOENT: no such file or directory, open 'C:\repos\nus-cs3281\website\_markbind\variables.md'
2018-04-23T04:49:07.067Z - info: Pages built
2018-04-23T04:49:07.366Z - info: Site data built
2018-04-23T04:49:07.366Z - info: Generate Site durationMs=29228
2018-04-23T04:49:07.836Z - info: Serving "C:\repos\nus-cs3281\website\_site" at http://127.0.0.1:8080
2018-04-23T04:49:07.836Z - info: Press CTRL+C to stop ...
2018-04-23T04:51:52.918Z - info: Reload for file change: C:\repos\nus-cs3281\website\admin\cs3281.md
2018-04-23T04:51:53.936Z - verbose: Rebuild affected paths: C:\repos\nus-cs3281\website\admin\cs3281.md
2018-04-23T04:51:53.936Z - info: Rebuilding 3 pages
2018-04-23T04:51:54.189Z - info: Pages rebuilt
2018-04-23T04:51:54.189Z - info: Site data built
2018-04-23T04:52:18.205Z - warn: ENOENT: no such file or directory, open 'C:\repos\nus-cs3281\website\_markbind\variables.md'
2018-04-23T04:52:20.844Z - info: Pages built
2018-04-23T04:52:20.895Z - info: Site data built
2018-04-23T04:52:20.911Z - info: Generate Site durationMs=4723
2018-04-23T04:52:21.246Z - info: Serving "C:\repos\nus-cs3281\website\_site" at http://127.0.0.1:8080
2018-04-23T04:52:21.246Z - info: Press CTRL+C to stop ...
2018-04-23T05:10:41.578Z - info: Reload for file change: C:\repos\nus-cs3281\website\admin\callForApplications.md
2018-04-23T05:10:42.595Z - verbose: Rebuild affected paths: C:\repos\nus-cs3281\website\admin\callForApplications.md
2018-04-23T05:10:42.596Z - info: Rebuilding 1 pages
2018-04-23T05:10:42.648Z - info: Pages rebuilt
2018-04-23T05:10:42.664Z - info: Site data built
2018-04-23T05:14:40.292Z - info: Reload for file change: C:\repos\nus-cs3281\website\admin\callForApplications.md
2018-04-23T05:14:41.294Z - verbose: Rebuild affected paths: C:\repos\nus-cs3281\website\admin\callForApplications.md
2018-04-23T05:14:41.294Z - info: Rebuilding 1 pages
2018-04-23T05:14:41.344Z - info: Pages rebuilt
2018-04-23T05:14:41.351Z - info: Site data built
2018-04-23T05:16:00.709Z - info: Reload for file change: C:\repos\nus-cs3281\website\admin\cs3281.md
2018-04-23T05:16:01.726Z - verbose: Rebuild affected paths: C:\repos\nus-cs3281\website\admin\cs3281.md
2018-04-23T05:16:01.726Z - info: Rebuilding 3 pages
2018-04-23T05:16:01.996Z - info: Pages rebuilt
2018-04-23T05:16:01.996Z - info: Site data built
2018-04-23T05:19:53.597Z - warn: ENOENT: no such file or directory, open 'C:\repos\nus-cs3281\website\_markbind\variables.md'
2018-04-23T05:19:59.061Z - info: Pages built
2018-04-23T05:19:59.132Z - info: Site data built
2018-04-23T05:19:59.138Z - info: Generate Site durationMs=7679
2018-04-23T05:19:59.470Z - info: Serving "C:\repos\nus-cs3281\website\_site" at http://127.0.0.1:8080
2018-04-23T05:19:59.470Z - info: Press CTRL+C to stop ...
2018-04-23T11:47:37.494Z - info: Pages built
2018-04-23T11:47:37.650Z - info: Site data built
2018-04-23T11:47:37.672Z - info: Generate Site durationMs=1451
2018-04-23T11:47:38.654Z - info: Serving "C:\Users\Daniel\Desktop\l\website\_site" at http://127.0.0.1:8080
2018-04-23T11:47:38.655Z - info: Press CTRL+C to stop ...
2018-04-23T11:48:49.386Z - info: Reload for file change: C:\Users\Daniel\Desktop\l\website\markbind\js\setup.js
2018-04-23T11:48:50.400Z - info: Assets built
2018-04-23T11:50:54.678Z - info: Reload for file change: C:\Users\Daniel\Desktop\l\website\markbind\js\setup.js
2018-04-23T11:50:55.689Z - info: Assets built
2018-04-23T11:53:24.364Z - info: Pages built
2018-04-23T11:53:25.479Z - info: Site data built
2018-04-23T11:53:25.488Z - info: Generate Site durationMs=2825
2018-04-23T11:53:26.480Z - info: Serving "C:\Users\Daniel\Desktop\l\website\_site" at http://127.0.0.1:8080
2018-04-23T11:53:26.481Z - info: Press CTRL+C to stop ...
2018-04-23T11:54:09.882Z - info: Reload for file change: C:\Users\Daniel\Desktop\l\website\markbind\js\setup.js
2018-04-23T11:54:11.015Z - info: Assets built
2018-04-23T11:54:19.844Z - info: Pages built
2018-04-23T11:54:19.867Z - info: Site data built
2018-04-23T11:54:19.876Z - info: Generate Site durationMs=712
2018-04-23T11:54:20.635Z - info: Serving "C:\Users\Daniel\Desktop\l\website\_site" at http://127.0.0.1:8080
2018-04-23T11:54:20.676Z - info: Press CTRL+C to stop ...
2018-04-23T12:10:59.424Z - info: Reload for file change: C:\Users\Daniel\Desktop\l\website\common\header.md
2018-04-23T12:10:59.491Z - info: Reload for file change: C:\Users\Daniel\Desktop\l\website\common\header.md
2018-04-23T12:11:00.438Z - verbose: Rebuild affected paths: C:\Users\Daniel\Desktop\l\website\common\header.md
2018-04-23T12:11:00.448Z - info: Rebuilding 8 pages
2018-04-23T12:11:01.116Z - info: Reload for file change: C:\Users\Daniel\Desktop\l\website\common\header.md
2018-04-23T12:11:01.264Z - info: Pages rebuilt
2018-04-23T12:11:01.365Z - info: Site data built
2018-04-23T12:11:02.116Z - verbose: Rebuild affected paths: C:\Users\Daniel\Desktop\l\website\common\header.md
2018-04-23T12:11:02.128Z - info: Rebuilding 8 pages
2018-04-23T12:11:03.041Z - info: Pages rebuilt
2018-04-23T12:11:03.075Z - info: Site data built
2018-04-23T12:11:40.917Z - info: Reload for file change: C:\Users\Daniel\Desktop\l\website\common\header.md
2018-04-23T12:11:41.931Z - verbose: Rebuild affected paths: C:\Users\Daniel\Desktop\l\website\common\header.md
2018-04-23T12:11:41.942Z - info: Rebuilding 8 pages
2018-04-23T12:11:42.246Z - info: Pages rebuilt
2018-04-23T12:11:42.249Z - info: Site data built
2018-04-23T12:18:00.342Z - info: Reload for file change: C:\Users\Daniel\Desktop\l\website\common\header.md
2018-04-23T12:18:00.407Z - info: Reload for file change: C:\Users\Daniel\Desktop\l\website\common\header.md
2018-04-23T12:18:01.370Z - verbose: Rebuild affected paths: C:\Users\Daniel\Desktop\l\website\common\header.md
2018-04-23T12:18:01.399Z - info: Rebuilding 8 pages
2018-04-23T12:18:02.826Z - info: Pages rebuilt
2018-04-23T12:18:02.984Z - info: Site data built
2018-04-23T12:18:03.181Z - info: Reload for file change: C:\Users\Daniel\Desktop\l\website\common\header.md
2018-04-23T12:18:04.267Z - verbose: Rebuild affected paths: C:\Users\Daniel\Desktop\l\website\common\header.md
2018-04-23T12:18:04.522Z - info: Rebuilding 8 pages
2018-04-23T12:18:06.062Z - info: Pages rebuilt
2018-04-23T12:18:06.376Z - info: Site data built
2018-04-23T12:18:15.202Z - info: Reload for file change: C:\Users\Daniel\Desktop\l\website\common\header.md
2018-04-23T12:18:16.206Z - verbose: Rebuild affected paths: C:\Users\Daniel\Desktop\l\website\common\header.md
2018-04-23T12:18:16.266Z - info: Rebuilding 8 pages
2018-04-23T12:18:29.424Z - info: Pages rebuilt
2018-04-23T12:18:29.528Z - info: Site data built
2018-04-23T12:18:32.966Z - info: Reload for file change: C:\Users\Daniel\Desktop\l\website\markbind\js\setup.js
2018-04-23T12:18:33.995Z - info: Assets built
2018-04-23T12:18:37.077Z - info: Reload for file change: C:\Users\Daniel\Desktop\l\website\markbind\js\setup.js
2018-04-23T12:18:38.672Z - info: Assets built
2018-04-23T12:18:39.327Z - info: Reload for file change: C:\Users\Daniel\Desktop\l\website\markbind\js\setup.js
2018-04-23T12:18:39.453Z - info: Reload for file change: C:\Users\Daniel\Desktop\l\website\markbind\js\setup.js
2018-04-23T12:18:41.253Z - info: Reload for file change: C:\Users\Daniel\Desktop\l\website\markbind\js\setup.js
2018-04-23T12:18:41.364Z - info: Reload for file change: C:\Users\Daniel\Desktop\l\website\markbind\js\setup.js
2018-04-23T12:18:41.506Z - info: Assets built
2018-04-23T12:18:42.382Z - info: Assets built
2018-04-23T12:18:45.649Z - info: Reload for file change: C:\Users\Daniel\Desktop\l\website\markbind\js\setup.js
2018-04-23T12:18:47.026Z - info: Assets built
2018-04-23T12:18:48.011Z - info: Reload for file change: C:\Users\Daniel\Desktop\l\website\markbind\js\setup.js
2018-04-23T12:18:49.176Z - info: Assets built
2018-04-23T12:18:54.277Z - info: Reload for file change: C:\Users\Daniel\Desktop\l\website\markbind\js\setup.js
2018-04-23T12:18:54.404Z - info: Reload for file change: C:\Users\Daniel\Desktop\l\website\markbind\js\setup.js
2018-04-23T12:18:55.382Z - info: Reload for file change: C:\Users\Daniel\Desktop\l\website\markbind\js\setup.js
2018-04-23T12:18:55.456Z - info: Reload for file change: C:\Users\Daniel\Desktop\l\website\markbind\js\setup.js
2018-04-23T12:18:55.512Z - info: Assets built
2018-04-23T12:18:56.896Z - info: Assets built
2018-04-23T12:19:59.687Z - info: Pages built
2018-04-23T12:19:59.755Z - info: Site data built
2018-04-23T12:19:59.762Z - info: Generate Site durationMs=1139
2018-04-23T12:20:00.530Z - info: Serving "C:\Users\Daniel\Desktop\l\website\_site" at http://127.0.0.1:8080
2018-04-23T12:20:00.569Z - info: Press CTRL+C to stop ...
2018-04-23T12:26:36.331Z - info: Reload for file change: C:\Users\Daniel\Desktop\l\website\common\header.md
2018-04-23T12:26:37.335Z - verbose: Rebuild affected paths: C:\Users\Daniel\Desktop\l\website\common\header.md
2018-04-23T12:26:37.340Z - info: Rebuilding 8 pages
2018-04-23T12:26:37.802Z - info: Pages rebuilt
2018-04-23T12:26:37.810Z - info: Site data built
2018-04-23T12:26:38.367Z - info: Reload for file change: C:\Users\Daniel\Desktop\l\website\common\header.md
2018-04-23T12:26:39.417Z - verbose: Rebuild affected paths: C:\Users\Daniel\Desktop\l\website\common\header.md
2018-04-23T12:26:39.589Z - info: Rebuilding 8 pages
2018-04-23T12:26:40.054Z - info: Pages rebuilt
2018-04-23T12:26:40.057Z - info: Site data built
2018-04-23T12:26:46.484Z - info: Reload for file change: C:\Users\Daniel\Desktop\l\website\common\header.md
2018-04-23T12:26:47.525Z - verbose: Rebuild affected paths: C:\Users\Daniel\Desktop\l\website\common\header.md
2018-04-23T12:26:47.610Z - info: Rebuilding 8 pages
2018-04-23T12:26:55.733Z - info: Pages rebuilt
2018-04-23T12:26:55.743Z - info: Site data built
2018-04-23T12:28:09.572Z - info: Reload for file change: C:\Users\Daniel\Desktop\l\website\common\header.md
2018-04-23T12:28:10.585Z - verbose: Rebuild affected paths: C:\Users\Daniel\Desktop\l\website\common\header.md
2018-04-23T12:28:10.633Z - info: Rebuilding 8 pages
2018-04-23T12:28:11.279Z - info: Pages rebuilt
2018-04-23T12:28:11.289Z - info: Site data built
2018-04-23T12:30:46.900Z - info: Reload for file change: C:\Users\Daniel\Desktop\l\website\common\header.md
2018-04-23T12:30:47.903Z - verbose: Rebuild affected paths: C:\Users\Daniel\Desktop\l\website\common\header.md
2018-04-23T12:30:47.906Z - info: Rebuilding 8 pages
2018-04-23T12:30:48.885Z - info: Pages rebuilt
2018-04-23T12:30:48.908Z - info: Site data built
2018-04-23T12:31:47.699Z - info: Reload for file change: C:\Users\Daniel\Desktop\l\website\common\header.md
2018-04-23T12:31:47.724Z - info: Reload for file change: C:\Users\Daniel\Desktop\l\website\common\header.md
2018-04-23T12:31:48.714Z - verbose: Rebuild affected paths: C:\Users\Daniel\Desktop\l\website\common\header.md
2018-04-23T12:31:48.780Z - info: Rebuilding 8 pages
2018-04-23T12:31:49.505Z - info: Pages rebuilt
2018-04-23T12:31:49.747Z - info: Site data built
2018-04-23T12:50:26.073Z - info: Reload for file change: C:\Users\Daniel\Desktop\l\website\common\header.md
2018-04-23T12:50:27.077Z - verbose: Rebuild affected paths: C:\Users\Daniel\Desktop\l\website\common\header.md
2018-04-23T12:50:27.096Z - info: Rebuilding 8 pages
2018-04-23T12:50:27.900Z - info: Pages rebuilt
2018-04-23T12:50:28.058Z - info: Site data built
2018-04-23T12:50:53.717Z - info: Reload for file change: C:\Users\Daniel\Desktop\l\website\common\header.md
2018-04-23T12:50:54.749Z - verbose: Rebuild affected paths: C:\Users\Daniel\Desktop\l\website\common\header.md
2018-04-23T12:50:54.845Z - info: Rebuilding 8 pages
2018-04-23T12:50:55.604Z - info: Pages rebuilt
2018-04-23T12:50:55.617Z - info: Site data built
2018-04-23T12:52:48.124Z - info: Reload for file change: C:\Users\Daniel\Desktop\l\website\common\header.md
2018-04-23T12:52:49.169Z - verbose: Rebuild affected paths: C:\Users\Daniel\Desktop\l\website\common\header.md
2018-04-23T12:52:49.301Z - info: Rebuilding 8 pages
2018-04-23T12:52:50.134Z - info: Pages rebuilt
2018-04-23T12:52:50.247Z - info: Site data built
2018-04-23T13:08:50.524Z - info: Reload for file change: C:\Users\Daniel\Desktop\l\website\common\header.md
2018-04-23T13:08:51.540Z - verbose: Rebuild affected paths: C:\Users\Daniel\Desktop\l\website\common\header.md
2018-04-23T13:08:51.629Z - info: Rebuilding 8 pages
2018-04-23T13:08:52.441Z - info: Pages rebuilt
2018-04-23T13:08:52.457Z - info: Site data built
2018-04-23T13:48:59.107Z - info: Reload for file change: C:\Users\Daniel\Desktop\l\website\common\header.md
2018-04-23T13:48:59.185Z - info: Reload for file change: C:\Users\Daniel\Desktop\l\website\common\header.md
2018-04-23T13:49:00.183Z - verbose: Rebuild affected paths: C:\Users\Daniel\Desktop\l\website\common\header.md
2018-04-23T13:49:00.277Z - info: Rebuilding 8 pages
2018-04-23T13:49:01.101Z - info: Pages rebuilt
2018-04-23T13:49:01.207Z - info: Site data built
2018-04-23T13:53:08.386Z - info: Reload for file change: C:\Users\Daniel\Desktop\l\website\common\header.md
2018-04-23T13:53:09.386Z - verbose: Rebuild affected paths: C:\Users\Daniel\Desktop\l\website\common\header.md
2018-04-23T13:53:09.397Z - info: Rebuilding 8 pages
2018-04-23T13:53:09.829Z - info: Pages rebuilt
2018-04-23T13:53:09.832Z - info: Site data built
2018-04-23T13:53:33.839Z - info: Reload for file change: C:\Users\Daniel\Desktop\l\website\common\header.md
2018-04-23T13:53:34.841Z - verbose: Rebuild affected paths: C:\Users\Daniel\Desktop\l\website\common\header.md
2018-04-23T13:53:34.846Z - info: Rebuilding 8 pages
2018-04-23T13:53:35.343Z - info: Pages rebuilt
2018-04-23T13:53:35.347Z - info: Site data built
2018-04-23T13:53:45.382Z - info: Reload for file change: C:\Users\Daniel\Desktop\l\website\common\header.md
2018-04-23T13:53:46.416Z - verbose: Rebuild affected paths: C:\Users\Daniel\Desktop\l\website\common\header.md
2018-04-23T13:53:46.487Z - info: Rebuilding 8 pages
2018-04-23T13:53:46.903Z - info: Pages rebuilt
2018-04-23T13:53:46.909Z - info: Site data built
2018-04-23T14:04:59.636Z - info: Reload for file change: C:\Users\Daniel\Desktop\l\website\markbind\js\setup.js
2018-04-23T14:05:00.653Z - info: Assets built
2018-04-23T14:05:38.595Z - info: Pages built
2018-04-23T14:05:38.612Z - info: Site data built
2018-04-23T14:05:38.621Z - info: Generate Site durationMs=668
2018-04-23T14:05:39.517Z - info: Serving "C:\Users\Daniel\Desktop\l\website\_site" at http://127.0.0.1:8080
2018-04-23T14:05:39.521Z - info: Press CTRL+C to stop ...
2018-04-23T14:06:47.311Z - info: Reload for file change: C:\Users\Daniel\Desktop\l\website\markbind\js\setup.js
2018-04-23T14:06:48.721Z - info: Assets built
2018-04-23T14:06:52.618Z - info: Reload for file change: C:\Users\Daniel\Desktop\l\website\markbind\js\setup.js
2018-04-23T14:06:53.640Z - info: Assets built
2018-04-23T14:06:55.048Z - info: Reload for file change: C:\Users\Daniel\Desktop\l\website\markbind\js\setup.js
2018-04-23T14:06:55.281Z - info: Reload for file change: C:\Users\Daniel\Desktop\l\website\markbind\js\setup.js
2018-04-23T14:06:56.323Z - info: Assets built
2018-04-23T14:06:59.366Z - info: Reload for file change: C:\Users\Daniel\Desktop\l\website\markbind\js\setup.js
2018-04-23T14:07:01.433Z - info: Assets built
2018-04-23T14:07:44.633Z - info: Reload for file change: C:\Users\Daniel\Desktop\l\website\markbind\js\setup.js
2018-04-23T14:07:45.640Z - info: Assets built
2018-04-23T14:38:44.705Z - info: Pages built
2018-04-23T14:38:44.729Z - info: Site data built
2018-04-23T14:38:44.736Z - info: Generate Site durationMs=753
2018-04-23T14:38:44.771Z - info: Serving "C:\Users\Daniel\Desktop\l\website\_site" at http://127.0.0.1:8080
2018-04-23T14:38:44.772Z - info: Press CTRL+C to stop ...
2018-04-23T14:40:00.384Z - info: Reload for file change: C:\Users\Daniel\Desktop\l\website\markbind\js\setup.js
2018-04-23T14:40:01.401Z - info: Assets built
2018-04-23T14:40:17.271Z - info: Reload for file change: C:\Users\Daniel\Desktop\l\website\markbind\js\setup.js
2018-04-23T14:40:18.335Z - info: Assets built
2018-04-23T14:44:14.843Z - info: Reload for file change: C:\Users\Daniel\Desktop\l\website\schedule\index.md
2018-04-23T14:44:15.846Z - verbose: Rebuild affected paths: C:\Users\Daniel\Desktop\l\website\schedule\index.md
2018-04-23T14:44:15.850Z - info: Rebuilding 2 pages
2018-04-23T14:44:15.928Z - error:  YAMLException: end of the stream or a document separator is expected at line 3, column 18:
    keywords: "sched", "week
                     ^
    at generateError (C:\Users\Daniel\Desktop\CS3281\markbind\node_modules\js-yaml\lib\js-yaml\loader.js:165:10)
    at throwError (C:\Users\Daniel\Desktop\CS3281\markbind\node_modules\js-yaml\lib\js-yaml\loader.js:171:9)
    at readDocument (C:\Users\Daniel\Desktop\CS3281\markbind\node_modules\js-yaml\lib\js-yaml\loader.js:1512:5)
    at loadDocuments (C:\Users\Daniel\Desktop\CS3281\markbind\node_modules\js-yaml\lib\js-yaml\loader.js:1548:5)
    at load (C:\Users\Daniel\Desktop\CS3281\markbind\node_modules\js-yaml\lib\js-yaml\loader.js:1569:19)
    at fastmatter (C:\Users\Daniel\Desktop\CS3281\markbind\node_modules\fastmatter\index.js:48:37)
    at Page.collectFrontMatter (C:\Users\Daniel\Desktop\CS3281\markbind\lib\Page.js:101:24)
    at markbinder.includeFile.then (C:\Users\Daniel\Desktop\CS3281\markbind\lib\Page.js:150:14)
    at tryCatcher (C:\Users\Daniel\Desktop\CS3281\markbind\lib\markbind\node_modules\bluebird\js\release\util.js:16:23)
    at Promise._settlePromiseFromHandler (C:\Users\Daniel\Desktop\CS3281\markbind\lib\markbind\node_modules\bluebird\js\release\promise.js:512:31)
    at Promise._settlePromise (C:\Users\Daniel\Desktop\CS3281\markbind\lib\markbind\node_modules\bluebird\js\release\promise.js:569:18)
    at Promise._settlePromise0 (C:\Users\Daniel\Desktop\CS3281\markbind\lib\markbind\node_modules\bluebird\js\release\promise.js:614:10)
    at Promise._settlePromises (C:\Users\Daniel\Desktop\CS3281\markbind\lib\markbind\node_modules\bluebird\js\release\promise.js:693:18)
    at Async._drainQueue (C:\Users\Daniel\Desktop\CS3281\markbind\lib\markbind\node_modules\bluebird\js\release\async.js:133:16)
    at Async._drainQueues (C:\Users\Daniel\Desktop\CS3281\markbind\lib\markbind\node_modules\bluebird\js\release\async.js:143:10)
    at Immediate.Async.drainQueues (C:\Users\Daniel\Desktop\CS3281\markbind\lib\markbind\node_modules\bluebird\js\release\async.js:17:14)
    at runCallback (timers.js:794:20)
    at tryOnImmediate (timers.js:752:5)
    at processImmediate [as _immediateCallback] (timers.js:729:5)
2018-04-23T14:44:15.929Z - warn:  Error: Error while generating C:\Users\Daniel\Desktop\l\website\schedule\index.md
    at processingFiles.push.page.generate.catch (C:\Users\Daniel\Desktop\CS3281\markbind\lib\Site.js:438:33)
    at tryCatcher (C:\Users\Daniel\Desktop\CS3281\markbind\node_modules\bluebird\js\release\util.js:16:23)
    at Promise._settlePromiseFromHandler (C:\Users\Daniel\Desktop\CS3281\markbind\node_modules\bluebird\js\release\promise.js:512:31)
    at Promise._settlePromise (C:\Users\Daniel\Desktop\CS3281\markbind\node_modules\bluebird\js\release\promise.js:569:18)
    at Promise._settlePromise0 (C:\Users\Daniel\Desktop\CS3281\markbind\node_modules\bluebird\js\release\promise.js:614:10)
    at Promise._settlePromises (C:\Users\Daniel\Desktop\CS3281\markbind\node_modules\bluebird\js\release\promise.js:689:18)
    at Async._drainQueue (C:\Users\Daniel\Desktop\CS3281\markbind\node_modules\bluebird\js\release\async.js:133:16)
    at Async._drainQueues (C:\Users\Daniel\Desktop\CS3281\markbind\node_modules\bluebird\js\release\async.js:143:10)
    at Immediate.Async.drainQueues (C:\Users\Daniel\Desktop\CS3281\markbind\node_modules\bluebird\js\release\async.js:17:14)
    at runCallback (timers.js:794:20)
    at tryOnImmediate (timers.js:752:5)
    at processImmediate [as _immediateCallback] (timers.js:729:5)
2018-04-23T14:44:16.283Z - error: Error while generating C:\Users\Daniel\Desktop\l\website\schedule\index.md
2018-04-23T14:44:18.114Z - info: Reload for file change: C:\Users\Daniel\Desktop\l\website\schedule\index.md
2018-04-23T14:44:18.114Z - verbose: Rebuild affected paths: C:\Users\Daniel\Desktop\l\website\schedule\index.md
2018-04-23T14:44:18.115Z - info: Rebuilding 2 pages
2018-04-23T14:44:18.165Z - error:  YAMLException: end of the stream or a document separator is expected at line 3, column 18:
    keywords: "sched", "sem2"
                     ^
    at generateError (C:\Users\Daniel\Desktop\CS3281\markbind\node_modules\js-yaml\lib\js-yaml\loader.js:165:10)
    at throwError (C:\Users\Daniel\Desktop\CS3281\markbind\node_modules\js-yaml\lib\js-yaml\loader.js:171:9)
    at readDocument (C:\Users\Daniel\Desktop\CS3281\markbind\node_modules\js-yaml\lib\js-yaml\loader.js:1512:5)
    at loadDocuments (C:\Users\Daniel\Desktop\CS3281\markbind\node_modules\js-yaml\lib\js-yaml\loader.js:1548:5)
    at load (C:\Users\Daniel\Desktop\CS3281\markbind\node_modules\js-yaml\lib\js-yaml\loader.js:1569:19)
    at fastmatter (C:\Users\Daniel\Desktop\CS3281\markbind\node_modules\fastmatter\index.js:48:37)
    at Page.collectFrontMatter (C:\Users\Daniel\Desktop\CS3281\markbind\lib\Page.js:101:24)
    at markbinder.includeFile.then (C:\Users\Daniel\Desktop\CS3281\markbind\lib\Page.js:150:14)
    at tryCatcher (C:\Users\Daniel\Desktop\CS3281\markbind\lib\markbind\node_modules\bluebird\js\release\util.js:16:23)
    at Promise._settlePromiseFromHandler (C:\Users\Daniel\Desktop\CS3281\markbind\lib\markbind\node_modules\bluebird\js\release\promise.js:512:31)
    at Promise._settlePromise (C:\Users\Daniel\Desktop\CS3281\markbind\lib\markbind\node_modules\bluebird\js\release\promise.js:569:18)
    at Promise._settlePromise0 (C:\Users\Daniel\Desktop\CS3281\markbind\lib\markbind\node_modules\bluebird\js\release\promise.js:614:10)
    at Promise._settlePromises (C:\Users\Daniel\Desktop\CS3281\markbind\lib\markbind\node_modules\bluebird\js\release\promise.js:693:18)
    at Async._drainQueue (C:\Users\Daniel\Desktop\CS3281\markbind\lib\markbind\node_modules\bluebird\js\release\async.js:133:16)
    at Async._drainQueues (C:\Users\Daniel\Desktop\CS3281\markbind\lib\markbind\node_modules\bluebird\js\release\async.js:143:10)
    at Immediate.Async.drainQueues (C:\Users\Daniel\Desktop\CS3281\markbind\lib\markbind\node_modules\bluebird\js\release\async.js:17:14)
    at runCallback (timers.js:794:20)
    at tryOnImmediate (timers.js:752:5)
    at processImmediate [as _immediateCallback] (timers.js:729:5)
2018-04-23T14:44:18.165Z - warn:  Error: Error while generating C:\Users\Daniel\Desktop\l\website\schedule\index.md
    at processingFiles.push.page.generate.catch (C:\Users\Daniel\Desktop\CS3281\markbind\lib\Site.js:438:33)
    at tryCatcher (C:\Users\Daniel\Desktop\CS3281\markbind\node_modules\bluebird\js\release\util.js:16:23)
    at Promise._settlePromiseFromHandler (C:\Users\Daniel\Desktop\CS3281\markbind\node_modules\bluebird\js\release\promise.js:512:31)
    at Promise._settlePromise (C:\Users\Daniel\Desktop\CS3281\markbind\node_modules\bluebird\js\release\promise.js:569:18)
    at Promise._settlePromise0 (C:\Users\Daniel\Desktop\CS3281\markbind\node_modules\bluebird\js\release\promise.js:614:10)
    at Promise._settlePromises (C:\Users\Daniel\Desktop\CS3281\markbind\node_modules\bluebird\js\release\promise.js:689:18)
    at Async._drainQueue (C:\Users\Daniel\Desktop\CS3281\markbind\node_modules\bluebird\js\release\async.js:133:16)
    at Async._drainQueues (C:\Users\Daniel\Desktop\CS3281\markbind\node_modules\bluebird\js\release\async.js:143:10)
    at Immediate.Async.drainQueues (C:\Users\Daniel\Desktop\CS3281\markbind\node_modules\bluebird\js\release\async.js:17:14)
    at runCallback (timers.js:794:20)
    at tryOnImmediate (timers.js:752:5)
    at processImmediate [as _immediateCallback] (timers.js:729:5)
2018-04-23T14:44:18.236Z - error: Error while generating C:\Users\Daniel\Desktop\l\website\schedule\index.md
2018-04-23T14:44:29.587Z - info: Reload for file change: C:\Users\Daniel\Desktop\l\website\schedule\index.md
2018-04-23T14:44:29.587Z - verbose: Rebuild affected paths: C:\Users\Daniel\Desktop\l\website\schedule\index.md
2018-04-23T14:44:29.588Z - info: Rebuilding 2 pages
2018-04-23T14:44:29.642Z - error:  YAMLException: can not read a block mapping entry; a multiline key may not be an implicit key at line 4, column 1:
    
    ^
    at generateError (C:\Users\Daniel\Desktop\CS3281\markbind\node_modules\js-yaml\lib\js-yaml\loader.js:165:10)
    at throwError (C:\Users\Daniel\Desktop\CS3281\markbind\node_modules\js-yaml\lib\js-yaml\loader.js:171:9)
    at readBlockMapping (C:\Users\Daniel\Desktop\CS3281\markbind\node_modules\js-yaml\lib\js-yaml\loader.js:1046:9)
    at composeNode (C:\Users\Daniel\Desktop\CS3281\markbind\node_modules\js-yaml\lib\js-yaml\loader.js:1332:12)
    at readDocument (C:\Users\Daniel\Desktop\CS3281\markbind\node_modules\js-yaml\lib\js-yaml\loader.js:1492:3)
    at loadDocuments (C:\Users\Daniel\Desktop\CS3281\markbind\node_modules\js-yaml\lib\js-yaml\loader.js:1548:5)
    at load (C:\Users\Daniel\Desktop\CS3281\markbind\node_modules\js-yaml\lib\js-yaml\loader.js:1569:19)
    at fastmatter (C:\Users\Daniel\Desktop\CS3281\markbind\node_modules\fastmatter\index.js:48:37)
    at Page.collectFrontMatter (C:\Users\Daniel\Desktop\CS3281\markbind\lib\Page.js:101:24)
    at markbinder.includeFile.then (C:\Users\Daniel\Desktop\CS3281\markbind\lib\Page.js:150:14)
    at tryCatcher (C:\Users\Daniel\Desktop\CS3281\markbind\lib\markbind\node_modules\bluebird\js\release\util.js:16:23)
    at Promise._settlePromiseFromHandler (C:\Users\Daniel\Desktop\CS3281\markbind\lib\markbind\node_modules\bluebird\js\release\promise.js:512:31)
    at Promise._settlePromise (C:\Users\Daniel\Desktop\CS3281\markbind\lib\markbind\node_modules\bluebird\js\release\promise.js:569:18)
    at Promise._settlePromise0 (C:\Users\Daniel\Desktop\CS3281\markbind\lib\markbind\node_modules\bluebird\js\release\promise.js:614:10)
    at Promise._settlePromises (C:\Users\Daniel\Desktop\CS3281\markbind\lib\markbind\node_modules\bluebird\js\release\promise.js:693:18)
    at Async._drainQueue (C:\Users\Daniel\Desktop\CS3281\markbind\lib\markbind\node_modules\bluebird\js\release\async.js:133:16)
    at Async._drainQueues (C:\Users\Daniel\Desktop\CS3281\markbind\lib\markbind\node_modules\bluebird\js\release\async.js:143:10)
    at Immediate.Async.drainQueues (C:\Users\Daniel\Desktop\CS3281\markbind\lib\markbind\node_modules\bluebird\js\release\async.js:17:14)
    at runCallback (timers.js:794:20)
    at tryOnImmediate (timers.js:752:5)
    at processImmediate [as _immediateCallback] (timers.js:729:5)
2018-04-23T14:44:29.642Z - warn:  Error: Error while generating C:\Users\Daniel\Desktop\l\website\schedule\index.md
    at processingFiles.push.page.generate.catch (C:\Users\Daniel\Desktop\CS3281\markbind\lib\Site.js:438:33)
    at tryCatcher (C:\Users\Daniel\Desktop\CS3281\markbind\node_modules\bluebird\js\release\util.js:16:23)
    at Promise._settlePromiseFromHandler (C:\Users\Daniel\Desktop\CS3281\markbind\node_modules\bluebird\js\release\promise.js:512:31)
    at Promise._settlePromise (C:\Users\Daniel\Desktop\CS3281\markbind\node_modules\bluebird\js\release\promise.js:569:18)
    at Promise._settlePromise0 (C:\Users\Daniel\Desktop\CS3281\markbind\node_modules\bluebird\js\release\promise.js:614:10)
    at Promise._settlePromises (C:\Users\Daniel\Desktop\CS3281\markbind\node_modules\bluebird\js\release\promise.js:689:18)
    at Async._drainQueue (C:\Users\Daniel\Desktop\CS3281\markbind\node_modules\bluebird\js\release\async.js:133:16)
    at Async._drainQueues (C:\Users\Daniel\Desktop\CS3281\markbind\node_modules\bluebird\js\release\async.js:143:10)
    at Immediate.Async.drainQueues (C:\Users\Daniel\Desktop\CS3281\markbind\node_modules\bluebird\js\release\async.js:17:14)
    at runCallback (timers.js:794:20)
    at tryOnImmediate (timers.js:752:5)
    at processImmediate [as _immediateCallback] (timers.js:729:5)
2018-04-23T14:44:29.652Z - error:  Error: ENOENT: no such file or directory, open 'C:\Users\Daniel\Desktop\l\website\.temp\index.md'
2018-04-23T14:44:29.654Z - error: Error while generating C:\Users\Daniel\Desktop\l\website\schedule\index.md
2018-04-23T14:44:31.620Z - info: Reload for file change: C:\Users\Daniel\Desktop\l\website\schedule\index.md
2018-04-23T14:44:31.621Z - verbose: Rebuild affected paths: C:\Users\Daniel\Desktop\l\website\schedule\index.md
2018-04-23T14:44:31.621Z - info: Rebuilding 1 pages
2018-04-23T14:44:31.762Z - info: Pages rebuilt
2018-04-23T14:44:31.770Z - info: Site data built
2018-04-23T14:44:31.776Z - error: Error while generating C:\Users\Daniel\Desktop\l\website\schedule\index.md
2018-04-23T14:44:40.013Z - info: Pages built
2018-04-23T14:44:40.030Z - info: Site data built
2018-04-23T14:44:40.037Z - info: Generate Site durationMs=583
2018-04-23T14:44:40.075Z - info: Serving "C:\Users\Daniel\Desktop\l\website\_site" at http://127.0.0.1:8080
2018-04-23T14:44:40.075Z - info: Press CTRL+C to stop ...
2018-04-23T15:27:58.307Z - info: Reload for file change: C:\Users\Daniel\Desktop\l\website\common\header.md
2018-04-23T15:27:58.312Z - info: Reload for file change: C:\Users\Daniel\Desktop\l\website\common\header.md
2018-04-23T15:27:59.313Z - verbose: Rebuild affected paths: C:\Users\Daniel\Desktop\l\website\common\header.md
2018-04-23T15:27:59.318Z - info: Rebuilding 8 pages
2018-04-23T15:27:59.752Z - info: Pages rebuilt
2018-04-23T15:27:59.755Z - info: Site data built
2018-04-23T15:38:26.600Z - info: Reload for file change: C:\Users\Daniel\Desktop\l\website\common\header.md
2018-04-23T15:38:27.601Z - verbose: Rebuild affected paths: C:\Users\Daniel\Desktop\l\website\common\header.md
2018-04-23T15:38:27.603Z - info: Rebuilding 8 pages
2018-04-23T15:38:27.966Z - info: Pages rebuilt
2018-04-23T15:38:27.970Z - info: Site data built
